<?xml version="1.0" encoding="UTF-8"?>
<robot generator="Robot 3.1 (Python 3.7.1 on win32)" generated="20190312 18:00:39.067" rpa="false">
<suite id="s1" name="Results &amp; ESSlogin">
<suite id="s1-s1" name="Results" source="C:\Users\Debarshi\PycharmProjects\NewESS\results">
<status status="PASS" starttime="20190312 18:00:39.097" endtime="20190312 18:00:39.100"></status>
</suite>
<suite id="s1-s2" name="ESSlogin" source="C:\Users\Debarshi\PycharmProjects\NewESS\Tests\ESSlogin.robot">
<test id="s1-s2-t1" name="NewESS login and navigate">
<kw name="Begin Web Test" library="Common">
<kw name="Open Browser" library="SeleniumLibrary">
<doc>Opens a new browser instance to the given ``url``.</doc>
<arguments>
<arg>${URL}</arg>
<arg>${BROWSER}</arg>
</arguments>
<msg timestamp="20190312 18:00:39.289" level="INFO">Opening browser 'chrome' to base url 'http://attendance1.esstest.gr8hr.biz/uas/portal/auth/login'.</msg>
<status status="PASS" starttime="20190312 18:00:39.289" endtime="20190312 18:00:44.906"></status>
</kw>
<kw name="Maximize Browser Window" library="SeleniumLibrary">
<doc>Maximizes current browser window.</doc>
<status status="PASS" starttime="20190312 18:00:44.906" endtime="20190312 18:00:46.065"></status>
</kw>
<status status="PASS" starttime="20190312 18:00:39.288" endtime="20190312 18:00:46.065"></status>
</kw>
<kw name="Log In" library="ESSlogin">
<kw name="Wait Until Element Is Visible" library="SeleniumLibrary">
<doc>Waits until element ``locator`` is visible.</doc>
<arguments>
<arg>css=input[id="username"]</arg>
</arguments>
<status status="PASS" starttime="20190312 18:00:46.066" endtime="20190312 18:00:47.017"></status>
</kw>
<kw name="Input Text" library="SeleniumLibrary">
<doc>Types the given ``text`` into text field identified by ``locator``.</doc>
<arguments>
<arg>css=input[id="username"]</arg>
<arg>5003</arg>
</arguments>
<msg timestamp="20190312 18:00:47.018" level="INFO">Typing text '5003' into text field 'css=input[id="username"]'.</msg>
<status status="PASS" starttime="20190312 18:00:47.017" endtime="20190312 18:00:47.155"></status>
</kw>
<kw name="Input Text" library="SeleniumLibrary">
<doc>Types the given ``text`` into text field identified by ``locator``.</doc>
<arguments>
<arg>id=password</arg>
<arg>sa</arg>
</arguments>
<msg timestamp="20190312 18:00:47.155" level="INFO">Typing text 'sa' into text field 'id=password'.</msg>
<status status="PASS" starttime="20190312 18:00:47.155" endtime="20190312 18:00:47.283"></status>
</kw>
<kw name="Click Element" library="SeleniumLibrary">
<doc>Click element identified by ``locator``.</doc>
<arguments>
<arg>css=button[type="submit"]</arg>
</arguments>
<msg timestamp="20190312 18:00:47.284" level="INFO">Clicking element 'css=button[type="submit"]'.</msg>
<status status="PASS" starttime="20190312 18:00:47.283" endtime="20190312 18:00:47.390"></status>
</kw>
<status status="PASS" starttime="20190312 18:00:46.066" endtime="20190312 18:00:47.390"></status>
</kw>
<kw name="Redirect to Feeds" library="ESSlogin">
<kw name="Wait Until Element Is Enabled" library="SeleniumLibrary">
<doc>Waits until element ``locator`` is enabled.</doc>
<arguments>
<arg>xpath=//a/span[text()='Feeds']</arg>
</arguments>
<status status="PASS" starttime="20190312 18:00:47.391" endtime="20190312 18:01:04.485"></status>
</kw>
<kw name="Click Element" library="SeleniumLibrary">
<doc>Click element identified by ``locator``.</doc>
<arguments>
<arg>xpath=//a/span[text()='Feeds']</arg>
</arguments>
<msg timestamp="20190312 18:01:04.485" level="INFO">Clicking element 'xpath=//a/span[text()='Feeds']'.</msg>
<status status="PASS" starttime="20190312 18:01:04.485" endtime="20190312 18:01:04.587"></status>
</kw>
<status status="PASS" starttime="20190312 18:00:47.390" endtime="20190312 18:01:04.587"></status>
</kw>
<doc>This is some basic info about the test</doc>
<tags>
<tag>Smoke</tag>
</tags>
<status status="PASS" starttime="20190312 18:00:39.288" endtime="20190312 18:01:04.587" critical="no"></status>
</test>
<doc>Demo info about the cases</doc>
<status status="PASS" starttime="20190312 18:00:39.101" endtime="20190312 18:01:04.589"></status>
</suite>
<status status="PASS" starttime="20190312 18:00:39.071" endtime="20190312 18:01:04.591"></status>
</suite>
<statistics>
<total>
<stat pass="0" fail="0">Critical Tests</stat>
<stat pass="1" fail="0">All Tests</stat>
</total>
<tag>
<stat pass="0" fail="0" info="critical">d</stat>
<stat pass="1" fail="0">Smoke</stat>
</tag>
<suite>
<stat pass="1" fail="0" id="s1" name="Results &amp; ESSlogin">Results &amp; ESSlogin</stat>
<stat pass="0" fail="0" id="s1-s1" name="Results">Results &amp; ESSlogin.Results</stat>
<stat pass="1" fail="0" id="s1-s2" name="ESSlogin">Results &amp; ESSlogin.ESSlogin</stat>
</suite>
</statistics>
<errors>
</errors>
</robot>
